[2026-05-28T06:43:53.606Z] [POST] /api/auth/signup - Status: 201 - Latency: 82ms
[2026-05-28T06:43:56.972Z] [GET] /api/monitor/stats - Status: 200 - Latency: 10ms
[2026-05-28T06:43:59.957Z] [GET] /api/monitor/stats - Status: 200 - Latency: 1ms
[2026-05-28T06:44:02.959Z] [GET] /api/monitor/stats - Status: 200 - Latency: 2ms
[2026-05-28T06:44:05.959Z] [GET] /api/monitor/stats - Status: 200 - Latency: 1ms
[2026-05-28T06:44:08.966Z] [GET] /api/monitor/stats - Status: 200 - Latency: 6ms
[2026-05-28T06:44:11.965Z] [GET] /api/monitor/stats - Status: 200 - Latency: 2ms
[2026-05-28T06:44:14.967Z] [GET] /api/monitor/stats - Status: 200 - Latency: 1ms
[2026-05-28T06:44:17.971Z] [GET] /api/monitor/stats - Status: 200 - Latency: 1ms
[2026-05-28T06:44:20.977Z] [GET] /api/monitor/stats - Status: 200 - Latency: 2ms
[2026-05-28T06:44:23.981Z] [GET] /api/monitor/stats - Status: 200 - Latency: 2ms
[2026-05-28T06:44:26.984Z] [GET] /api/monitor/stats - Status: 200 - Latency: 1ms
[2026-05-28T06:44:29.988Z] [GET] /api/monitor/stats - Status: 200 - Latency: 2ms
[2026-05-28T06:44:32.992Z] [GET] /api/monitor/stats - Status: 200 - Latency: 1ms
[2026-05-28T06:44:35.996Z] [GET] /api/monitor/stats - Status: 200 - Latency: 1ms
[2026-05-28T06:44:39.000Z] [GET] /api/monitor/stats - Status: 200 - Latency: 2ms
[2026-05-28T06:44:42.005Z] [GET] /api/monitor/stats - Status: 200 - Latency: 1ms
[2026-05-28T06:44:45.008Z] [GET] /api/monitor/stats - Status: 200 - Latency: 1ms
[2026-05-28T06:44:48.013Z] [GET] /api/monitor/stats - Status: 200 - Latency: 2ms
[2026-05-28T06:44:51.018Z] [GET] /api/monitor/stats - Status: 200 - Latency: 2ms
[2026-05-28T06:44:54.021Z] [GET] /api/monitor/stats - Status: 200 - Latency: 1ms
[2026-05-28T06:44:57.026Z] [GET] /api/monitor/stats - Status: 200 - Latency: 2ms
[2026-05-28T06:45:00.030Z] [GET] /api/monitor/stats - Status: 200 - Latency: 1ms
[2026-05-28T06:45:03.033Z] [GET] /api/monitor/stats - Status: 200 - Latency: 1ms
[2026-05-28T06:45:06.038Z] [GET] /api/monitor/stats - Status: 200 - Latency: 2ms
[2026-05-28T06:45:09.041Z] [GET] /api/monitor/stats - Status: 200 - Latency: 1ms
[2026-05-28T06:45:12.046Z] [GET] /api/monitor/stats - Status: 200 - Latency: 1ms
[2026-05-28T06:45:15.050Z] [GET] /api/monitor/stats - Status: 200 - Latency: 2ms
[2026-05-28T06:45:18.055Z] [GET] /api/monitor/stats - Status: 200 - Latency: 2ms
[2026-05-28T06:45:21.057Z] [GET] /api/monitor/stats - Status: 200 - Latency: 0ms
[2026-05-28T06:45:24.062Z] [GET] /api/monitor/stats - Status: 200 - Latency: 1ms
[2026-05-28T06:45:27.067Z] [GET] /api/monitor/stats - Status: 200 - Latency: 1ms
[2026-05-28T06:45:30.069Z] [GET] /api/monitor/stats - Status: 200 - Latency: 1ms
[2026-05-28T06:45:33.074Z] [GET] /api/monitor/stats - Status: 200 - Latency: 1ms
[2026-05-28T06:45:36.077Z] [GET] /api/monitor/stats - Status: 200 - Latency: 0ms
[2026-05-28T06:45:39.105Z] [GET] /api/monitor/stats - Status: 200 - Latency: 24ms
[2026-05-28T06:45:42.085Z] [GET] /api/monitor/stats - Status: 200 - Latency: 1ms
[2026-05-28T06:45:45.089Z] [GET] /api/monitor/stats - Status: 200 - Latency: 1ms
[2026-05-28T06:45:48.094Z] [GET] /api/monitor/stats - Status: 200 - Latency: 1ms
[2026-05-28T06:45:51.098Z] [GET] /api/monitor/stats - Status: 200 - Latency: 1ms
[2026-05-28T06:45:54.102Z] [GET] /api/monitor/stats - Status: 200 - Latency: 1ms
[2026-05-28T06:45:57.105Z] [GET] /api/monitor/stats - Status: 200 - Latency: 1ms
[2026-05-28T06:46:00.109Z] [GET] /api/monitor/stats - Status: 200 - Latency: 1ms
[2026-05-28T06:46:03.114Z] [GET] /api/monitor/stats - Status: 200 - Latency: 1ms
[2026-05-28T06:46:06.118Z] [GET] /api/monitor/stats - Status: 200 - Latency: 1ms
[2026-05-28T06:46:09.122Z] [GET] /api/monitor/stats - Status: 200 - Latency: 1ms
[2026-05-28T06:46:12.126Z] [GET] /api/monitor/stats - Status: 200 - Latency: 1ms
[2026-05-28T06:46:15.130Z] [GET] /api/monitor/stats - Status: 200 - Latency: 1ms
[2026-05-28T06:46:18.133Z] [GET] /api/monitor/stats - Status: 200 - Latency: 1ms
[2026-05-28T06:46:21.138Z] [GET] /api/monitor/stats - Status: 200 - Latency: 2ms
[2026-05-28T06:46:24.142Z] [GET] /api/monitor/stats - Status: 200 - Latency: 1ms
[2026-05-28T06:46:27.146Z] [GET] /api/monitor/stats - Status: 200 - Latency: 2ms
[2026-05-28T06:46:30.150Z] [GET] /api/monitor/stats - Status: 200 - Latency: 1ms
[2026-05-28T06:46:33.154Z] [GET] /api/monitor/stats - Status: 200 - Latency: 1ms
[2026-05-28T06:46:36.158Z] [GET] /api/monitor/stats - Status: 200 - Latency: 1ms
[2026-05-28T06:46:39.162Z] [GET] /api/monitor/stats - Status: 200 - Latency: 1ms
[2026-05-28T06:46:42.166Z] [GET] /api/monitor/stats - Status: 200 - Latency: 1ms
[2026-05-28T06:46:45.170Z] [GET] /api/monitor/stats - Status: 200 - Latency: 2ms
[2026-05-28T06:46:48.174Z] [GET] /api/monitor/stats - Status: 200 - Latency: 1ms
[2026-05-28T06:46:51.177Z] [GET] /api/monitor/stats - Status: 200 - Latency: 1ms
[2026-05-28T06:46:54.181Z] [GET] /api/monitor/stats - Status: 200 - Latency: 1ms
[2026-05-28T06:46:57.186Z] [GET] /api/monitor/stats - Status: 200 - Latency: 2ms
[2026-05-28T06:47:00.189Z] [GET] /api/monitor/stats - Status: 200 - Latency: 1ms
[2026-05-28T06:47:03.194Z] [GET] /api/monitor/stats - Status: 200 - Latency: 1ms
[2026-05-28T06:47:06.198Z] [GET] /api/monitor/stats - Status: 200 - Latency: 2ms
[2026-05-28T06:47:09.200Z] [GET] /api/monitor/stats - Status: 200 - Latency: 1ms
[2026-05-28T06:47:12.205Z] [GET] /api/monitor/stats - Status: 200 - Latency: 1ms
[2026-05-28T06:47:15.209Z] [GET] /api/monitor/stats - Status: 200 - Latency: 1ms
[2026-05-28T06:47:18.216Z] [GET] /api/monitor/stats - Status: 200 - Latency: 3ms
[2026-05-28T06:47:21.217Z] [GET] /api/monitor/stats - Status: 200 - Latency: 1ms
[2026-05-28T06:47:24.221Z] [GET] /api/monitor/stats - Status: 200 - Latency: 1ms
[2026-05-28T06:47:27.226Z] [GET] /api/monitor/stats - Status: 200 - Latency: 1ms
[2026-05-28T06:47:30.230Z] [GET] /api/monitor/stats - Status: 200 - Latency: 2ms
[2026-05-28T06:47:33.234Z] [GET] /api/monitor/stats - Status: 200 - Latency: 2ms
[2026-05-28T06:47:36.238Z] [GET] /api/monitor/stats - Status: 200 - Latency: 1ms
[2026-05-28T06:47:39.242Z] [GET] /api/monitor/stats - Status: 200 - Latency: 1ms
[2026-05-28T06:47:42.246Z] [GET] /api/monitor/stats - Status: 200 - Latency: 1ms
[2026-05-28T06:47:45.250Z] [GET] /api/monitor/stats - Status: 200 - Latency: 1ms
[2026-05-28T06:47:48.254Z] [GET] /api/monitor/stats - Status: 200 - Latency: 1ms
[2026-05-28T06:47:51.257Z] [GET] /api/monitor/stats - Status: 200 - Latency: 1ms
[2026-05-28T06:47:54.262Z] [GET] /api/monitor/stats - Status: 200 - Latency: 2ms
[2026-05-28T06:47:57.266Z] [GET] /api/monitor/stats - Status: 200 - Latency: 2ms
[2026-05-28T06:48:00.269Z] [GET] /api/monitor/stats - Status: 200 - Latency: 1ms
[2026-05-28T06:48:03.274Z] [GET] /api/monitor/stats - Status: 200 - Latency: 1ms
[2026-05-28T06:48:06.278Z] [GET] /api/monitor/stats - Status: 200 - Latency: 1ms
[2026-05-28T06:48:09.281Z] [GET] /api/monitor/stats - Status: 200 - Latency: 1ms
[2026-05-28T06:48:12.286Z] [GET] /api/monitor/stats - Status: 200 - Latency: 1ms
[2026-05-28T06:48:15.289Z] [GET] /api/monitor/stats - Status: 200 - Latency: 1ms
[2026-05-28T06:48:18.294Z] [GET] /api/monitor/stats - Status: 200 - Latency: 1ms
[2026-05-28T06:48:21.297Z] [GET] /api/monitor/stats - Status: 200 - Latency: 1ms
[2026-05-28T06:48:24.302Z] [GET] /api/monitor/stats - Status: 200 - Latency: 2ms
[2026-05-28T06:48:27.306Z] [GET] /api/monitor/stats - Status: 200 - Latency: 2ms
[2026-05-28T06:48:30.310Z] [GET] /api/monitor/stats - Status: 200 - Latency: 2ms
[2026-05-28T06:48:33.314Z] [GET] /api/monitor/stats - Status: 200 - Latency: 2ms
[2026-05-28T06:48:36.316Z] [GET] /api/monitor/stats - Status: 200 - Latency: 1ms
[2026-05-28T06:48:39.321Z] [GET] /api/monitor/stats - Status: 200 - Latency: 1ms
[2026-05-28T06:48:42.325Z] [GET] /api/monitor/stats - Status: 200 - Latency: 1ms
[2026-05-28T06:48:45.330Z] [GET] /api/monitor/stats - Status: 200 - Latency: 2ms
[2026-05-28T06:48:48.334Z] [GET] /api/monitor/stats - Status: 200 - Latency: 1ms
[2026-05-28T06:48:51.337Z] [GET] /api/monitor/stats - Status: 200 - Latency: 1ms
[2026-05-28T06:48:54.342Z] [GET] /api/monitor/stats - Status: 200 - Latency: 1ms
[2026-05-28T06:48:57.346Z] [GET] /api/monitor/stats - Status: 200 - Latency: 1ms
[2026-05-28T06:49:00.350Z] [GET] /api/monitor/stats - Status: 200 - Latency: 1ms
[2026-05-28T06:49:03.354Z] [GET] /api/monitor/stats - Status: 200 - Latency: 2ms
[2026-05-28T06:49:06.358Z] [GET] /api/monitor/stats - Status: 200 - Latency: 2ms
[2026-05-28T06:49:09.362Z] [GET] /api/monitor/stats - Status: 200 - Latency: 1ms
[2026-05-28T06:49:12.367Z] [GET] /api/monitor/stats - Status: 200 - Latency: 2ms
[2026-05-28T06:49:15.370Z] [GET] /api/monitor/stats - Status: 200 - Latency: 1ms
[2026-05-28T06:49:18.374Z] [GET] /api/monitor/stats - Status: 200 - Latency: 2ms
[2026-05-28T06:49:21.378Z] [GET] /api/monitor/stats - Status: 200 - Latency: 1ms
[2026-05-28T06:49:24.582Z] [GET] /api/monitor/stats - Status: 200 - Latency: 1ms
[2026-05-28T06:49:28.582Z] [GET] /api/monitor/stats - Status: 200 - Latency: 1ms
[2026-05-28T06:49:32.584Z] [GET] /api/monitor/stats - Status: 200 - Latency: 2ms
[2026-05-28T06:49:36.582Z] [GET] /api/monitor/stats - Status: 200 - Latency: 1ms
[2026-05-28T06:49:40.582Z] [GET] /api/monitor/stats - Status: 200 - Latency: 1ms
[2026-05-28T06:49:44.582Z] [GET] /api/monitor/stats - Status: 200 - Latency: 1ms
[2026-05-28T06:49:48.583Z] [GET] /api/monitor/stats - Status: 200 - Latency: 2ms
[2026-05-28T06:49:52.583Z] [GET] /api/monitor/stats - Status: 200 - Latency: 2ms
[2026-05-28T06:49:56.582Z] [GET] /api/monitor/stats - Status: 200 - Latency: 1ms
[2026-05-28T06:50:00.582Z] [GET] /api/monitor/stats - Status: 200 - Latency: 1ms
[2026-05-28T06:50:04.582Z] [GET] /api/monitor/stats - Status: 200 - Latency: 1ms
[2026-05-28T06:50:08.581Z] [GET] /api/monitor/stats - Status: 200 - Latency: 0ms
[2026-05-28T06:50:12.582Z] [GET] /api/monitor/stats - Status: 200 - Latency: 1ms
[2026-05-28T06:50:16.582Z] [GET] /api/monitor/stats - Status: 200 - Latency: 1ms
[2026-05-28T06:50:20.583Z] [GET] /api/monitor/stats - Status: 200 - Latency: 2ms
[2026-05-28T06:50:24.584Z] [GET] /api/monitor/stats - Status: 200 - Latency: 1ms
[2026-05-28T06:50:28.582Z] [GET] /api/monitor/stats - Status: 200 - Latency: 1ms
[2026-05-28T06:50:32.583Z] [GET] /api/monitor/stats - Status: 200 - Latency: 2ms
[2026-05-28T06:50:36.582Z] [GET] /api/monitor/stats - Status: 200 - Latency: 1ms
[2026-05-28T06:50:55.615Z] [GET] /api/monitor/stats - Status: 200 - Latency: 10ms
[2026-05-28T06:50:56.673Z] [GET] /api/monitor/stats - Status: 200 - Latency: 3ms
[2026-05-28T06:50:56.674Z] [GET] /api/monitor/stats - Status: 200 - Latency: 3ms
[2026-05-28T06:50:56.674Z] [GET] /api/uploads - Status: 200 - Latency: 2ms
[2026-05-28T06:50:56.674Z] [GET] /api/auth/me - Status: 200 - Latency: 3ms
[2026-05-28T06:50:56.674Z] [GET] /api/auth/me - Status: 200 - Latency: 1ms
[2026-05-28T06:50:56.675Z] [GET] /api/uploads - Status: 200 - Latency: 0ms
[2026-05-28T06:50:59.673Z] [GET] /api/monitor/stats - Status: 200 - Latency: 1ms
[2026-05-28T06:51:02.674Z] [GET] /api/monitor/stats - Status: 200 - Latency: 1ms
[2026-05-28T06:51:05.675Z] [GET] /api/monitor/stats - Status: 200 - Latency: 2ms
[2026-05-28T06:51:06.181Z] [GET] /api/monitor/stats - Status: 200 - Latency: 4ms
[2026-05-28T06:51:06.181Z] [GET] /api/monitor/stats - Status: 200 - Latency: 3ms
[2026-05-28T06:51:06.182Z] [GET] /api/auth/me - Status: 304 - Latency: 3ms
[2026-05-28T06:51:06.182Z] [GET] /api/uploads - Status: 304 - Latency: 2ms
[2026-05-28T06:51:06.183Z] [GET] /api/auth/me - Status: 304 - Latency: 3ms
[2026-05-28T06:51:06.185Z] [GET] /api/uploads - Status: 304 - Latency: 1ms
[2026-05-28T06:51:09.179Z] [GET] /api/monitor/stats - Status: 200 - Latency: 2ms
[2026-05-28T06:51:12.179Z] [GET] /api/monitor/stats - Status: 200 - Latency: 1ms
[2026-05-28T06:51:15.180Z] [GET] /api/monitor/stats - Status: 200 - Latency: 2ms
[2026-05-28T06:51:18.177Z] [GET] /api/monitor/stats - Status: 200 - Latency: 1ms
[2026-05-28T06:51:20.655Z] [POST] /api/upload - Status: 201 - Latency: 6ms
[2026-05-28T06:51:20.658Z] [GET] /api/uploads - Status: 200 - Latency: 1ms
[2026-05-28T06:51:21.191Z] [GET] /api/monitor/stats - Status: 200 - Latency: 7ms
[2026-05-28T06:51:24.183Z] [GET] /api/monitor/stats - Status: 200 - Latency: 1ms
[2026-05-28T06:51:27.186Z] [GET] /api/monitor/stats - Status: 200 - Latency: 2ms
[2026-05-28T06:51:28.748Z] [GET] /api/uploads - Status: 304 - Latency: 5ms
[2026-05-28T06:51:30.189Z] [GET] /api/monitor/stats - Status: 200 - Latency: 1ms
[2026-05-28T06:51:33.194Z] [GET] /api/monitor/stats - Status: 200 - Latency: 1ms
[2026-05-28T06:51:36.201Z] [GET] /api/monitor/stats - Status: 200 - Latency: 4ms
[2026-05-28T06:51:38.755Z] [DELETE] /api/uploads/mpp4wzpqljph4 - Status: 200 - Latency: 4ms
[2026-05-28T06:51:38.762Z] [GET] /api/uploads - Status: 200 - Latency: 2ms
[2026-05-28T06:51:39.213Z] [GET] /api/monitor/stats - Status: 200 - Latency: 9ms
[2026-05-28T06:51:42.206Z] [GET] /api/monitor/stats - Status: 200 - Latency: 2ms
[2026-05-28T06:51:45.656Z] [GET] /api/monitor/stats - Status: 200 - Latency: 2ms
[2026-05-28T06:51:50.819Z] [GET] /api/monitor/stats - Status: 200 - Latency: 1ms
[2026-05-28T06:51:57.588Z] [GET] /api/monitor/stats - Status: 200 - Latency: 1ms
[2026-05-28T06:52:06.270Z] [GET] /api/monitor/stats - Status: 200 - Latency: 1ms
[2026-05-28T06:52:21.498Z] [GET] /api/monitor/stats - Status: 200 - Latency: 2ms
[2026-05-28T06:52:58.950Z] [GET] /api/monitor/stats - Status: 200 - Latency: 2ms
[2026-05-28T06:53:16.245Z] [GET] /api/monitor/stats - Status: 200 - Latency: 2ms
[2026-05-28T06:53:47.077Z] [GET] /api/monitor/stats - Status: 200 - Latency: 2ms
[2026-05-28T06:53:50.086Z] [GET] /api/monitor/stats - Status: 200 - Latency: 2ms
[2026-05-28T06:53:53.090Z] [GET] /api/monitor/stats - Status: 200 - Latency: 1ms
[2026-05-28T06:53:56.094Z] [GET] /api/monitor/stats - Status: 200 - Latency: 2ms
[2026-05-28T06:53:59.098Z] [GET] /api/monitor/stats - Status: 200 - Latency: 2ms
[2026-05-28T06:54:02.101Z] [GET] /api/monitor/stats - Status: 200 - Latency: 2ms
[2026-05-28T06:54:05.106Z] [GET] /api/monitor/stats - Status: 200 - Latency: 1ms
[2026-05-28T06:54:08.110Z] [GET] /api/monitor/stats - Status: 200 - Latency: 2ms
[2026-05-28T06:54:11.113Z] [GET] /api/monitor/stats - Status: 200 - Latency: 1ms
[2026-05-28T06:54:14.120Z] [GET] /api/monitor/stats - Status: 200 - Latency: 1ms
[2026-05-28T06:54:17.119Z] [GET] /api/monitor/stats - Status: 200 - Latency: 1ms
[2026-05-28T06:54:20.124Z] [GET] /api/monitor/stats - Status: 200 - Latency: 1ms
[2026-05-28T06:54:23.130Z] [GET] /api/monitor/stats - Status: 200 - Latency: 1ms
[2026-05-28T06:54:26.135Z] [GET] /api/monitor/stats - Status: 200 - Latency: 2ms
[2026-05-28T06:54:29.139Z] [GET] /api/monitor/stats - Status: 200 - Latency: 2ms
[2026-05-28T06:54:32.143Z] [GET] /api/monitor/stats - Status: 200 - Latency: 1ms
[2026-05-28T06:54:35.146Z] [GET] /api/monitor/stats - Status: 200 - Latency: 2ms
[2026-05-28T06:54:38.148Z] [GET] /api/monitor/stats - Status: 200 - Latency: 1ms
[2026-05-28T06:54:41.153Z] [GET] /api/monitor/stats - Status: 200 - Latency: 2ms
[2026-05-28T06:54:44.156Z] [GET] /api/monitor/stats - Status: 200 - Latency: 1ms
[2026-05-28T06:54:47.162Z] [GET] /api/monitor/stats - Status: 200 - Latency: 1ms
[2026-05-28T06:54:50.165Z] [GET] /api/monitor/stats - Status: 200 - Latency: 1ms
[2026-05-28T06:54:53.584Z] [GET] /api/monitor/stats - Status: 200 - Latency: 3ms
[2026-05-28T06:54:57.585Z] [GET] /api/monitor/stats - Status: 200 - Latency: 3ms
[2026-05-28T06:55:01.584Z] [GET] /api/monitor/stats - Status: 200 - Latency: 2ms
[2026-05-28T06:55:05.584Z] [GET] /api/monitor/stats - Status: 200 - Latency: 2ms
[2026-05-28T06:55:09.580Z] [GET] /api/monitor/stats - Status: 200 - Latency: 0ms
[2026-05-28T06:55:13.584Z] [GET] /api/monitor/stats - Status: 200 - Latency: 2ms
[2026-05-28T06:55:17.586Z] [GET] /api/monitor/stats - Status: 200 - Latency: 1ms
[2026-05-28T06:55:21.583Z] [GET] /api/monitor/stats - Status: 200 - Latency: 2ms
[2026-05-28T06:55:25.582Z] [GET] /api/monitor/stats - Status: 200 - Latency: 1ms
[2026-05-28T06:55:29.582Z] [GET] /api/monitor/stats - Status: 200 - Latency: 1ms
[2026-05-28T06:55:33.595Z] [GET] /api/monitor/stats - Status: 200 - Latency: 2ms
[2026-05-28T06:55:37.584Z] [GET] /api/monitor/stats - Status: 200 - Latency: 1ms
[2026-05-28T06:55:41.584Z] [GET] /api/monitor/stats - Status: 200 - Latency: 3ms
[2026-05-28T06:55:45.583Z] [GET] /api/monitor/stats - Status: 200 - Latency: 1ms
[2026-05-28T06:55:49.583Z] [GET] /api/monitor/stats - Status: 200 - Latency: 2ms
[2026-05-28T06:55:53.583Z] [GET] /api/monitor/stats - Status: 200 - Latency: 2ms
[2026-05-28T06:55:57.583Z] [GET] /api/monitor/stats - Status: 200 - Latency: 2ms
[2026-05-28T06:56:01.584Z] [GET] /api/monitor/stats - Status: 200 - Latency: 3ms
[2026-05-28T06:56:05.585Z] [GET] /api/monitor/stats - Status: 200 - Latency: 3ms
[2026-05-28T06:56:09.642Z] [GET] /api/monitor/stats - Status: 200 - Latency: 1ms
[2026-05-28T06:56:13.583Z] [GET] /api/monitor/stats - Status: 200 - Latency: 1ms
[2026-05-28T06:56:17.583Z] [GET] /api/monitor/stats - Status: 200 - Latency: 2ms
[2026-05-28T06:56:21.582Z] [GET] /api/monitor/stats - Status: 200 - Latency: 1ms
[2026-05-28T06:56:25.584Z] [GET] /api/monitor/stats - Status: 200 - Latency: 3ms
[2026-05-28T06:56:29.584Z] [GET] /api/monitor/stats - Status: 200 - Latency: 2ms
[2026-05-28T06:56:33.581Z] [GET] /api/monitor/stats - Status: 200 - Latency: 2ms
[2026-05-28T06:56:37.581Z] [GET] /api/monitor/stats - Status: 200 - Latency: 1ms
[2026-05-28T06:56:41.583Z] [GET] /api/monitor/stats - Status: 200 - Latency: 2ms
[2026-05-28T06:56:45.582Z] [GET] /api/monitor/stats - Status: 200 - Latency: 2ms
[2026-05-28T06:56:48.760Z] [GET] /api/monitor/stats - Status: 200 - Latency: 1ms
[2026-05-28T06:56:51.766Z] [GET] /api/monitor/stats - Status: 200 - Latency: 1ms
[2026-05-28T06:56:54.769Z] [GET] /api/monitor/stats - Status: 200 - Latency: 1ms
[2026-05-28T06:56:57.771Z] [GET] /api/monitor/stats - Status: 200 - Latency: 1ms
[2026-05-28T06:57:00.779Z] [GET] /api/monitor/stats - Status: 200 - Latency: 2ms
[2026-05-28T06:57:03.782Z] [GET] /api/monitor/stats - Status: 200 - Latency: 2ms
[2026-05-28T06:57:06.785Z] [GET] /api/monitor/stats - Status: 200 - Latency: 1ms
[2026-05-28T06:57:09.790Z] [GET] /api/monitor/stats - Status: 200 - Latency: 1ms
[2026-05-28T06:57:12.794Z] [GET] /api/monitor/stats - Status: 200 - Latency: 2ms
[2026-05-28T06:57:15.798Z] [GET] /api/monitor/stats - Status: 200 - Latency: 2ms
[2026-05-28T06:57:18.802Z] [GET] /api/monitor/stats - Status: 200 - Latency: 1ms
[2026-05-28T06:57:21.805Z] [GET] /api/monitor/stats - Status: 200 - Latency: 1ms
[2026-05-28T06:57:24.810Z] [GET] /api/monitor/stats - Status: 200 - Latency: 2ms
[2026-05-28T06:57:27.813Z] [GET] /api/monitor/stats - Status: 200 - Latency: 1ms
[2026-05-28T06:57:30.817Z] [GET] /api/monitor/stats - Status: 200 - Latency: 1ms
[2026-05-28T06:57:33.822Z] [GET] /api/monitor/stats - Status: 200 - Latency: 1ms
[2026-05-28T06:57:36.826Z] [GET] /api/monitor/stats - Status: 200 - Latency: 1ms
[2026-05-28T06:57:39.830Z] [GET] /api/monitor/stats - Status: 200 - Latency: 1ms
[2026-05-28T06:57:42.833Z] [GET] /api/monitor/stats - Status: 200 - Latency: 2ms
[2026-05-28T06:57:45.839Z] [GET] /api/monitor/stats - Status: 200 - Latency: 3ms
[2026-05-28T06:57:48.842Z] [GET] /api/monitor/stats - Status: 200 - Latency: 1ms
[2026-05-28T06:57:51.847Z] [GET] /api/monitor/stats - Status: 200 - Latency: 2ms
[2026-05-28T06:57:55.583Z] [GET] /api/monitor/stats - Status: 200 - Latency: 2ms
[2026-05-28T06:57:59.582Z] [GET] /api/monitor/stats - Status: 200 - Latency: 1ms
[2026-05-28T06:58:03.580Z] [GET] /api/monitor/stats - Status: 200 - Latency: 1ms
[2026-05-28T06:58:07.582Z] [GET] /api/monitor/stats - Status: 200 - Latency: 1ms
[2026-05-28T06:58:11.581Z] [GET] /api/monitor/stats - Status: 200 - Latency: 1ms
[2026-05-28T06:58:15.583Z] [GET] /api/monitor/stats - Status: 200 - Latency: 2ms
[2026-05-28T06:58:19.582Z] [GET] /api/monitor/stats - Status: 200 - Latency: 1ms
[2026-05-28T06:58:23.583Z] [GET] /api/monitor/stats - Status: 200 - Latency: 1ms
[2026-05-28T06:58:27.582Z] [GET] /api/monitor/stats - Status: 200 - Latency: 2ms
[2026-05-28T06:58:31.583Z] [GET] /api/monitor/stats - Status: 200 - Latency: 1ms
[2026-05-28T06:58:35.582Z] [GET] /api/monitor/stats - Status: 200 - Latency: 2ms
[2026-05-28T06:58:39.580Z] [GET] /api/monitor/stats - Status: 200 - Latency: 1ms
[2026-05-28T06:58:43.582Z] [GET] /api/monitor/stats - Status: 200 - Latency: 1ms
[2026-05-28T06:58:47.583Z] [GET] /api/monitor/stats - Status: 200 - Latency: 2ms
[2026-05-28T06:58:51.583Z] [GET] /api/monitor/stats - Status: 200 - Latency: 2ms
[2026-05-28T06:58:55.584Z] [GET] /api/monitor/stats - Status: 200 - Latency: 1ms
[2026-05-28T06:58:59.582Z] [GET] /api/monitor/stats - Status: 200 - Latency: 1ms
[2026-05-28T06:59:03.583Z] [GET] /api/monitor/stats - Status: 200 - Latency: 1ms
[2026-05-28T06:59:07.582Z] [GET] /api/monitor/stats - Status: 200 - Latency: 1ms
[2026-05-28T06:59:10.583Z] [GET] /api/monitor/stats - Status: 200 - Latency: 1ms
[2026-05-28T06:59:13.588Z] [GET] /api/monitor/stats - Status: 200 - Latency: 1ms
[2026-05-28T06:59:16.590Z] [GET] /api/monitor/stats - Status: 200 - Latency: 1ms
[2026-05-28T06:59:19.595Z] [GET] /api/monitor/stats - Status: 200 - Latency: 1ms
[2026-05-28T06:59:22.598Z] [GET] /api/monitor/stats - Status: 200 - Latency: 1ms
[2026-05-28T06:59:25.603Z] [GET] /api/monitor/stats - Status: 200 - Latency: 1ms
[2026-05-28T06:59:28.606Z] [GET] /api/monitor/stats - Status: 200 - Latency: 1ms
[2026-05-28T06:59:31.611Z] [GET] /api/monitor/stats - Status: 200 - Latency: 1ms
[2026-05-28T06:59:34.615Z] [GET] /api/monitor/stats - Status: 200 - Latency: 1ms
[2026-05-28T06:59:37.618Z] [GET] /api/monitor/stats - Status: 200 - Latency: 0ms
[2026-05-28T06:59:40.625Z] [GET] /api/monitor/stats - Status: 200 - Latency: 1ms
[2026-05-28T06:59:43.630Z] [GET] /api/monitor/stats - Status: 200 - Latency: 2ms
[2026-05-28T06:59:46.633Z] [GET] /api/monitor/stats - Status: 200 - Latency: 1ms
[2026-05-28T06:59:49.637Z] [GET] /api/monitor/stats - Status: 200 - Latency: 1ms
[2026-05-28T06:59:53.582Z] [GET] /api/monitor/stats - Status: 200 - Latency: 2ms
[2026-05-28T06:59:57.581Z] [GET] /api/monitor/stats - Status: 200 - Latency: 1ms
[2026-05-28T07:00:01.581Z] [GET] /api/monitor/stats - Status: 200 - Latency: 2ms
[2026-05-28T07:00:05.581Z] [GET] /api/monitor/stats - Status: 200 - Latency: 2ms
[2026-05-28T07:00:09.581Z] [GET] /api/monitor/stats - Status: 200 - Latency: 2ms
[2026-05-28T07:00:13.581Z] [GET] /api/monitor/stats - Status: 200 - Latency: 1ms
[2026-05-28T07:00:17.581Z] [GET] /api/monitor/stats - Status: 200 - Latency: 2ms
[2026-05-28T07:00:21.582Z] [GET] /api/monitor/stats - Status: 200 - Latency: 2ms
[2026-05-28T07:00:25.581Z] [GET] /api/monitor/stats - Status: 200 - Latency: 1ms
[2026-05-28T07:00:29.581Z] [GET] /api/monitor/stats - Status: 200 - Latency: 1ms
[2026-05-28T07:00:33.581Z] [GET] /api/monitor/stats - Status: 200 - Latency: 1ms
[2026-05-28T07:00:37.582Z] [GET] /api/monitor/stats - Status: 200 - Latency: 1ms
[2026-05-28T07:00:41.582Z] [GET] /api/monitor/stats - Status: 200 - Latency: 1ms
[2026-05-28T07:00:45.582Z] [GET] /api/monitor/stats - Status: 200 - Latency: 1ms
[2026-05-28T07:00:49.580Z] [GET] /api/monitor/stats - Status: 200 - Latency: 0ms
[2026-05-28T07:00:53.584Z] [GET] /api/monitor/stats - Status: 200 - Latency: 2ms
[2026-05-28T07:00:57.582Z] [GET] /api/monitor/stats - Status: 200 - Latency: 1ms
[2026-05-28T07:01:01.581Z] [GET] /api/monitor/stats - Status: 200 - Latency: 0ms
[2026-05-28T07:01:05.584Z] [GET] /api/monitor/stats - Status: 200 - Latency: 2ms
[2026-05-28T07:01:09.584Z] [GET] /api/monitor/stats - Status: 200 - Latency: 2ms
[2026-05-28T07:01:13.584Z] [GET] /api/monitor/stats - Status: 200 - Latency: 2ms
[2026-05-28T07:01:17.583Z] [GET] /api/monitor/stats - Status: 200 - Latency: 1ms
[2026-05-28T07:01:21.584Z] [GET] /api/monitor/stats - Status: 200 - Latency: 2ms
[2026-05-28T07:01:25.584Z] [GET] /api/monitor/stats - Status: 200 - Latency: 2ms
[2026-05-28T07:01:29.589Z] [GET] /api/monitor/stats - Status: 200 - Latency: 4ms
[2026-05-28T07:01:33.584Z] [GET] /api/monitor/stats - Status: 200 - Latency: 2ms
[2026-05-28T07:01:37.583Z] [GET] /api/monitor/stats - Status: 200 - Latency: 1ms
[2026-05-28T07:01:41.584Z] [GET] /api/monitor/stats - Status: 200 - Latency: 2ms
[2026-05-28T07:01:45.584Z] [GET] /api/monitor/stats - Status: 200 - Latency: 2ms
[2026-05-28T07:01:49.584Z] [GET] /api/monitor/stats - Status: 200 - Latency: 2ms
[2026-05-28T07:01:53.584Z] [GET] /api/monitor/stats - Status: 200 - Latency: 1ms
[2026-05-28T07:01:56.587Z] [GET] /api/monitor/stats - Status: 200 - Latency: 1ms
[2026-05-28T07:01:59.589Z] [GET] /api/monitor/stats - Status: 200 - Latency: 1ms
[2026-05-28T07:02:03.683Z] [GET] /api/monitor/stats - Status: 200 - Latency: 1ms
[2026-05-28T07:02:08.630Z] [GET] /api/monitor/stats - Status: 200 - Latency: 1ms
[2026-05-28T07:02:14.142Z] [GET] /api/monitor/stats - Status: 200 - Latency: 2ms
[2026-05-28T07:02:22.674Z] [GET] /api/monitor/stats - Status: 200 - Latency: 1ms
[2026-05-28T07:02:33.272Z] [GET] /api/monitor/stats - Status: 200 - Latency: 1ms
[2026-05-28T07:02:50.440Z] [GET] /api/monitor/stats - Status: 200 - Latency: 2ms
[2026-05-28T07:03:12.297Z] [GET] /api/monitor/stats - Status: 200 - Latency: 1ms
[2026-05-28T07:04:04.826Z] [GET] /api/monitor/stats - Status: 200 - Latency: 2ms
[2026-05-28T07:05:13.768Z] [GET] /api/monitor/stats - Status: 200 - Latency: 1ms
[2026-05-28T07:05:37.294Z] [GET] /api/monitor/stats - Status: 200 - Latency: 1ms
[2026-05-28T07:07:55.287Z] [GET] /api/monitor/stats - Status: 200 - Latency: 2ms
[2026-05-28T07:46:47.749Z] [GET] /api/monitor/stats - Status: 200 - Latency: 5ms
[2026-05-28T07:46:50.738Z] [GET] /api/monitor/stats - Status: 200 - Latency: 2ms
[2026-05-28T07:46:53.740Z] [GET] /api/monitor/stats - Status: 200 - Latency: 1ms
[2026-05-28T07:46:56.745Z] [GET] /api/monitor/stats - Status: 200 - Latency: 1ms
